<?xml version="1.0" encoding="UTF-8"?>
<!-- Generated by org.testng.reporters.JUnitXMLReporter -->
<testsuite ignored="0" hostname="linh-truong-pc" failures="1" tests="2" name="Run On Chrome" time="20.173" errors="0" timestamp="2023-09-25T11:50:25 EEST">
  <testcase classname="com.nopcommerce.account.Level_19_AllureReport" name="User_01_Register_Validate" time="0.678">
    <failure type="java.lang.AssertionError" message="expected [false] but found [true]">
      <![CDATA[java.lang.AssertionError: expected [false] but found [true]
at com.nopcommerce.account.Level_19_AllureReport.User_01_Register_Validate(Level_19_AllureReport.java:51)
at java.base/java.util.ArrayList.forEach(ArrayList.java:1541)
... Removed 31 stack frames]]>
    </failure>
  </testcase> <!-- User_01_Register_Validate -->
  <testcase classname="com.nopcommerce.account.Level_19_AllureReport" name="User_02_Register_Success" time="4.186"/>
</testsuite> <!-- Run On Chrome -->
